{"/home/vivek320/Documents/altcampus/advance js/TA-JS-advanced-dom-and-test-TJaaan/block-BJaajc/code/index.js": {"path":"/home/vivek320/Documents/altcampus/advance js/TA-JS-advanced-dom-and-test-TJaaan/block-BJaajc/code/index.js","statementMap":{"0":{"start":{"line":3,"column":5},"end":{"line":3,"column":38}},"1":{"start":{"line":7,"column":21},"end":{"line":7,"column":54}},"2":{"start":{"line":8,"column":3},"end":{"line":8,"column":31}},"3":{"start":{"line":12,"column":16},"end":{"line":12,"column":44}},"4":{"start":{"line":13,"column":3},"end":{"line":13,"column":43}},"5":{"start":{"line":17,"column":16},"end":{"line":17,"column":49}},"6":{"start":{"line":18,"column":4},"end":{"line":18,"column":33}},"7":{"start":{"line":21,"column":0},"end":{"line":21,"column":69}}},"fnMap":{"0":{"name":"getFullName","decl":{"start":{"line":2,"column":9},"end":{"line":2,"column":20}},"loc":{"start":{"line":2,"column":40},"end":{"line":4,"column":1}},"line":2},"1":{"name":"isPalindrome","decl":{"start":{"line":6,"column":9},"end":{"line":6,"column":21}},"loc":{"start":{"line":6,"column":27},"end":{"line":9,"column":1}},"line":6},"2":{"name":"getCircumference","decl":{"start":{"line":11,"column":9},"end":{"line":11,"column":25}},"loc":{"start":{"line":11,"column":33},"end":{"line":14,"column":1}},"line":11},"3":{"name":"getArea","decl":{"start":{"line":16,"column":9},"end":{"line":16,"column":16}},"loc":{"start":{"line":16,"column":24},"end":{"line":19,"column":1}},"line":16}},"branchMap":{},"s":{"0":2,"1":2,"2":2,"3":2,"4":2,"5":2,"6":2,"7":1},"f":{"0":2,"1":2,"2":2,"3":2},"b":{},"_coverageSchema":"1a1c01bbd47fc00a2c39e90264f33305004495a9","hash":"33c1924562a30289e34c73f90ff3e738a3c38f30"}
}
